<?xml version="1.0" encoding="UTF-8"?>
<!-- Generated by org.testng.reporters.JUnitReportReporter -->
<testsuite hostname="DESKTOP-V4N81SJ" failures="0" tests="1" name="com.example.NewTest" time="2.716" errors="0" timestamp="2023-09-12T15:22:57 IST" skipped="0">
  <testcase classname="com.example.NewTest" name="searchthePagewithelement" time="2.716"/>
</testsuite> <!-- com.example.NewTest -->
